Mon Feb 07 15:29:41 2000 aa: Creating random seed file E:\temp\random.seed.  This may take a while
Mon Feb 07 15:30:05 2000 aa: ------------------------------- CUT HERE -------------------------------
Mon Feb 07 15:30:05 2000 aa: Crypto library info:
Mon Feb 07 15:30:06 2000 aa: Comments=(null)
Mon Feb 07 15:30:06 2000 aa: CompanyName=(null)
Mon Feb 07 15:30:06 2000 aa: FileDescription=VTXXX32 - VT emulation library.
Mon Feb 07 15:30:06 2000 aa: FileVersion=1.3
Mon Feb 07 15:30:06 2000 aa: InternalName=VTXXX32.DLL
Mon Feb 07 15:30:06 2000 aa: LegalCopyright=Copyright © xxx 1995 - 1998.
Mon Feb 07 15:30:06 2000 aa: LegalTrademarks=(null)
Mon Feb 07 15:30:06 2000 aa: OriginalFilename=VTXXX32.DLL
Mon Feb 07 15:30:06 2000 aa: PrivateBuild=(null)
Mon Feb 07 15:30:06 2000 aa: ProductName=VTXXX32 - VT emulation library.
Mon Feb 07 15:30:06 2000 aa: ProductVersion=1.3
Mon Feb 07 15:30:06 2000 aa: SpecialBuild=(null)
Mon Feb 07 15:30:06 2000 aa: ------------------------------- CUT HERE -------------------------------
Mon Feb 07 15:30:28 2000 aa: ------------------------------- CUT HERE -------------------------------
Mon Feb 07 15:30:28 2000 aa: Crypto library info:
Mon Feb 07 15:30:28 2000 aa: Comments=(null)
Mon Feb 07 15:30:28 2000 aa: CompanyName=(null)
Mon Feb 07 15:30:28 2000 aa: FileDescription=VTXXX32 - VT emulation library.
Mon Feb 07 15:30:28 2000 aa: FileVersion=1.3
Mon Feb 07 15:30:28 2000 aa: InternalName=VTXXX32.DLL
Mon Feb 07 15:30:28 2000 aa: LegalCopyright=Copyright © xxx 1995 - 1998.
Mon Feb 07 15:30:28 2000 aa: LegalTrademarks=(null)
Mon Feb 07 15:30:28 2000 aa: OriginalFilename=VTXXX32.DLL
Mon Feb 07 15:30:28 2000 aa: PrivateBuild=(null)
Mon Feb 07 15:30:28 2000 aa: ProductName=VTXXX32 - VT emulation library.
Mon Feb 07 15:30:28 2000 aa: ProductVersion=1.3
Mon Feb 07 15:30:28 2000 aa: SpecialBuild=(null)
Mon Feb 07 15:30:28 2000 aa: ------------------------------- CUT HERE -------------------------------
Mon Feb 07 15:30:30 2000 aa: Can not load crypto library
Mon Feb 07 15:44:16 2000 96: ------------------------------- CUT HERE -------------------------------
Mon Feb 07 15:44:16 2000 96: Crypto library info:
Mon Feb 07 15:44:16 2000 96: Comments=(null)
Mon Feb 07 15:44:16 2000 96: CompanyName=(null)
Mon Feb 07 15:44:16 2000 96: FileDescription=VTXXX32 - VT emulation library.
Mon Feb 07 15:44:16 2000 96: FileVersion=1.3
Mon Feb 07 15:44:16 2000 96: InternalName=VTXXX32.DLL
Mon Feb 07 15:44:16 2000 96: LegalCopyright=Copyright © xxx 1995 - 1998.
Mon Feb 07 15:44:16 2000 96: LegalTrademarks=(null)
Mon Feb 07 15:44:16 2000 96: OriginalFilename=VTXXX32.DLL
Mon Feb 07 15:44:16 2000 96: PrivateBuild=(null)
Mon Feb 07 15:44:16 2000 96: ProductName=VTXXX32 - VT emulation library.
Mon Feb 07 15:44:16 2000 96: ProductVersion=1.3
Mon Feb 07 15:44:16 2000 96: SpecialBuild=(null)
Mon Feb 07 15:44:16 2000 96: ------------------------------- CUT HERE -------------------------------
Mon Feb 07 15:45:11 2000 96: ------------------------------- CUT HERE -------------------------------
Mon Feb 07 15:45:11 2000 96: Crypto library info:
Mon Feb 07 15:45:11 2000 96: Comments=(null)
Mon Feb 07 15:45:11 2000 96: CompanyName=(null)
Mon Feb 07 15:45:11 2000 96: FileDescription=VTXXX32 - VT emulation library.
Mon Feb 07 15:45:11 2000 96: FileVersion=1.3
Mon Feb 07 15:45:11 2000 96: InternalName=VTXXX32.DLL
Mon Feb 07 15:45:11 2000 96: LegalCopyright=Copyright © xxx 1995 - 1998.
Mon Feb 07 15:45:11 2000 96: LegalTrademarks=(null)
Mon Feb 07 15:45:11 2000 96: OriginalFilename=VTXXX32.DLL
Mon Feb 07 15:45:11 2000 96: PrivateBuild=(null)
Mon Feb 07 15:45:11 2000 96: ProductName=VTXXX32 - VT emulation library.
Mon Feb 07 15:45:11 2000 96: ProductVersion=1.3
Mon Feb 07 15:45:11 2000 96: SpecialBuild=(null)
Mon Feb 07 15:45:11 2000 96: ------------------------------- CUT HERE -------------------------------
Mon Feb 07 15:45:21 2000 96: Can not load crypto library
Tue Feb 08 18:32:50 2000 9a: ------------------------------- CUT HERE -------------------------------
Tue Feb 08 18:32:50 2000 9a: Crypto library info:
Tue Feb 08 18:32:50 2000 9a: Comments=(null)
Tue Feb 08 18:32:50 2000 9a: CompanyName=(null)
Tue Feb 08 18:32:50 2000 9a: FileDescription=VTXXX32 - VT emulation library.
Tue Feb 08 18:32:50 2000 9a: FileVersion=1.3
Tue Feb 08 18:32:50 2000 9a: InternalName=VTXXX32.DLL
Tue Feb 08 18:32:50 2000 9a: LegalCopyright=Copyright © xxx 1995 - 1998.
Tue Feb 08 18:32:50 2000 9a: LegalTrademarks=(null)
Tue Feb 08 18:32:50 2000 9a: OriginalFilename=VTXXX32.DLL
Tue Feb 08 18:32:50 2000 9a: PrivateBuild=(null)
Tue Feb 08 18:32:50 2000 9a: ProductName=VTXXX32 - VT emulation library.
Tue Feb 08 18:32:50 2000 9a: ProductVersion=1.3
Tue Feb 08 18:32:50 2000 9a: SpecialBuild=(null)
Tue Feb 08 18:32:50 2000 9a: ------------------------------- CUT HERE -------------------------------
Tue Feb 08 18:32:59 2000 9a: ------------------------------- CUT HERE -------------------------------
Tue Feb 08 18:32:59 2000 9a: Crypto library info:
Tue Feb 08 18:32:59 2000 9a: Comments=(null)
Tue Feb 08 18:32:59 2000 9a: CompanyName=(null)
Tue Feb 08 18:32:59 2000 9a: FileDescription=VTXXX32 - VT emulation library.
Tue Feb 08 18:32:59 2000 9a: FileVersion=1.3
Tue Feb 08 18:32:59 2000 9a: InternalName=VTXXX32.DLL
Tue Feb 08 18:32:59 2000 9a: LegalCopyright=Copyright © xxx 1995 - 1998.
Tue Feb 08 18:32:59 2000 9a: LegalTrademarks=(null)
Tue Feb 08 18:32:59 2000 9a: OriginalFilename=VTXXX32.DLL
Tue Feb 08 18:32:59 2000 9a: PrivateBuild=(null)
Tue Feb 08 18:32:59 2000 9a: ProductName=VTXXX32 - VT emulation library.
Tue Feb 08 18:32:59 2000 9a: ProductVersion=1.3
Tue Feb 08 18:32:59 2000 9a: SpecialBuild=(null)
Tue Feb 08 18:32:59 2000 9a: ------------------------------- CUT HERE -------------------------------
Tue Feb 08 18:33:01 2000 9a: Can not load crypto library
